<?xml version="1.0" encoding="UTF-8"?>
<!-- Generated by org.testng.reporters.JUnitReportReporter -->
<testsuite hostname="Gagan" failures="0" tests="1" name="com.saucedemo.testCases.TC_LoginTest_001" time="1.347" errors="0" timestamp="2024-06-24T13:46:34 IST" skipped="0">
  <testcase classname="com.saucedemo.testCases.TC_LoginTest_001" name="loginTest" time="1.347"/>
</testsuite> <!-- com.saucedemo.testCases.TC_LoginTest_001 -->
