<?xml version="1.0" encoding="UTF-8"?>
<!-- Generated by org.testng.reporters.JUnitReportReporter -->
<testsuite hostname="Gagan" failures="0" tests="1" name="com.saucedemo.testCases.AddToCartTest" time="1.100" errors="0" timestamp="2024-06-25T12:34:45 IST" skipped="0">
  <testcase classname="com.saucedemo.testCases.AddToCartTest" name="testAddToCart" time="1.100"/>
</testsuite> <!-- com.saucedemo.testCases.AddToCartTest -->
