<?xml version="1.0" encoding="UTF-8"?>
<!-- Generated by org.testng.reporters.JUnitReportReporter -->
<testsuite hostname="Gagan" failures="0" tests="1" name="com.saucedemo.testCases.CheckOutTest" time="7.425" errors="0" timestamp="2024-06-26T16:03:38 IST" skipped="0">
  <testcase classname="com.saucedemo.testCases.CheckOutTest" name="testCheckout" time="7.425"/>
</testsuite> <!-- com.saucedemo.testCases.CheckOutTest -->
